{"E:\\workspace\\astro\\Astro-nav\\astro-nav-monorepo\\packages\\shared\\src\\utils\\configHelpers.ts": {"path":"E:\\workspace\\astro\\Astro-nav\\astro-nav-monorepo\\packages\\shared\\src\\utils\\configHelpers.ts","statementMap":{"0":{"start":{"line":11,"column":24},"end":{"line":11,"column":null}},"1":{"start":{"line":13,"column":2},"end":{"line":22,"column":null}},"2":{"start":{"line":14,"column":4},"end":{"line":16,"column":null}},"3":{"start":{"line":15,"column":6},"end":{"line":15,"column":null}},"4":{"start":{"line":17,"column":4},"end":{"line":21,"column":null}},"5":{"start":{"line":18,"column":6},"end":{"line":20,"column":null}},"6":{"start":{"line":19,"column":8},"end":{"line":19,"column":null}},"7":{"start":{"line":24,"column":2},"end":{"line":24,"column":null}},"8":{"start":{"line":31,"column":2},"end":{"line":31,"column":null}},"9":{"start":{"line":31,"column":39},"end":{"line":31,"column":57}},"10":{"start":{"line":38,"column":19},"end":{"line":38,"column":null}},"11":{"start":{"line":39,"column":2},"end":{"line":39,"column":null}},"12":{"start":{"line":39,"column":31},"end":{"line":39,"column":47}},"13":{"start":{"line":46,"column":19},"end":{"line":46,"column":null}},"14":{"start":{"line":47,"column":25},"end":{"line":47,"column":null}},"15":{"start":{"line":49,"column":2},"end":{"line":55,"column":null}},"16":{"start":{"line":50,"column":4},"end":{"line":54,"column":null}},"17":{"start":{"line":62,"column":2},"end":{"line":62,"column":null}},"18":{"start":{"line":62,"column":27},"end":{"line":62,"column":null}},"19":{"start":{"line":64,"column":16},"end":{"line":64,"column":null}},"20":{"start":{"line":64,"column":69},"end":{"line":64,"column":86}},"21":{"start":{"line":65,"column":2},"end":{"line":65,"column":null}},"22":{"start":{"line":72,"column":19},"end":{"line":72,"column":null}},"23":{"start":{"line":74,"column":2},"end":{"line":80,"column":null}},"24":{"start":{"line":77,"column":60},"end":{"line":77,"column":72}},"25":{"start":{"line":78,"column":54},"end":{"line":78,"column":76}},"26":{"start":{"line":79,"column":52},"end":{"line":79,"column":72}},"27":{"start":{"line":87,"column":26},"end":{"line":87,"column":null}},"28":{"start":{"line":89,"column":2},"end":{"line":96,"column":null}},"29":{"start":{"line":90,"column":4},"end":{"line":90,"column":null}},"30":{"start":{"line":91,"column":4},"end":{"line":95,"column":null}},"31":{"start":{"line":92,"column":6},"end":{"line":94,"column":null}},"32":{"start":{"line":93,"column":8},"end":{"line":93,"column":null}},"33":{"start":{"line":98,"column":2},"end":{"line":98,"column":null}},"34":{"start":{"line":105,"column":2},"end":{"line":105,"column":null}},"35":{"start":{"line":112,"column":2},"end":{"line":118,"column":null}}},"fnMap":{"0":{"name":"getAllSites","decl":{"start":{"line":10,"column":16},"end":{"line":10,"column":28}},"loc":{"start":{"line":10,"column":56},"end":{"line":25,"column":null}},"line":10},"1":{"name":"(anonymous_1)","decl":{"start":{"line":13,"column":27},"end":{"line":13,"column":35}},"loc":{"start":{"line":13,"column":35},"end":{"line":22,"column":3}},"line":13},"2":{"name":"(anonymous_2)","decl":{"start":{"line":18,"column":27},"end":{"line":18,"column":34}},"loc":{"start":{"line":18,"column":34},"end":{"line":20,"column":7}},"line":18},"3":{"name":"getMenuItemByName","decl":{"start":{"line":30,"column":16},"end":{"line":30,"column":34}},"loc":{"start":{"line":30,"column":90},"end":{"line":32,"column":null}},"line":30},"4":{"name":"(anonymous_4)","decl":{"start":{"line":31,"column":31},"end":{"line":31,"column":39}},"loc":{"start":{"line":31,"column":39},"end":{"line":31,"column":57}},"line":31},"5":{"name":"getSiteByUrl","decl":{"start":{"line":37,"column":16},"end":{"line":37,"column":29}},"loc":{"start":{"line":37,"column":80},"end":{"line":40,"column":null}},"line":37},"6":{"name":"(anonymous_6)","decl":{"start":{"line":39,"column":23},"end":{"line":39,"column":31}},"loc":{"start":{"line":39,"column":31},"end":{"line":39,"column":47}},"line":39},"7":{"name":"searchSites","decl":{"start":{"line":45,"column":16},"end":{"line":45,"column":28}},"loc":{"start":{"line":45,"column":71},"end":{"line":56,"column":null}},"line":45},"8":{"name":"(anonymous_8)","decl":{"start":{"line":49,"column":25},"end":{"line":49,"column":null}},"loc":{"start":{"line":50,"column":4},"end":{"line":54,"column":null}},"line":50},"9":{"name":"getCategoryName","decl":{"start":{"line":61,"column":16},"end":{"line":61,"column":32}},"loc":{"start":{"line":61,"column":80},"end":{"line":66,"column":null}},"line":61},"10":{"name":"(anonymous_10)","decl":{"start":{"line":64,"column":56},"end":{"line":64,"column":57}},"loc":{"start":{"line":64,"column":69},"end":{"line":64,"column":86}},"line":64},"11":{"name":"getConfigStats","decl":{"start":{"line":71,"column":16},"end":{"line":71,"column":31}},"loc":{"start":{"line":71,"column":51},"end":{"line":81,"column":null}},"line":71},"12":{"name":"(anonymous_12)","decl":{"start":{"line":77,"column":52},"end":{"line":77,"column":60}},"loc":{"start":{"line":77,"column":60},"end":{"line":77,"column":72}},"line":77},"13":{"name":"(anonymous_13)","decl":{"start":{"line":78,"column":46},"end":{"line":78,"column":54}},"loc":{"start":{"line":78,"column":54},"end":{"line":78,"column":76}},"line":78},"14":{"name":"(anonymous_14)","decl":{"start":{"line":79,"column":44},"end":{"line":79,"column":52}},"loc":{"start":{"line":79,"column":52},"end":{"line":79,"column":72}},"line":79},"15":{"name":"getAllCategoryNames","decl":{"start":{"line":86,"column":16},"end":{"line":86,"column":36}},"loc":{"start":{"line":86,"column":66},"end":{"line":99,"column":null}},"line":86},"16":{"name":"(anonymous_16)","decl":{"start":{"line":89,"column":27},"end":{"line":89,"column":35}},"loc":{"start":{"line":89,"column":35},"end":{"line":96,"column":3}},"line":89},"17":{"name":"(anonymous_17)","decl":{"start":{"line":92,"column":27},"end":{"line":92,"column":34}},"loc":{"start":{"line":92,"column":34},"end":{"line":94,"column":7}},"line":92},"18":{"name":"isConfigEmpty","decl":{"start":{"line":104,"column":16},"end":{"line":104,"column":30}},"loc":{"start":{"line":104,"column":59},"end":{"line":106,"column":null}},"line":104},"19":{"name":"mergeConfigs","decl":{"start":{"line":111,"column":16},"end":{"line":111,"column":29}},"loc":{"start":{"line":111,"column":90},"end":{"line":119,"column":null}},"line":111}},"branchMap":{"0":{"loc":{"start":{"line":14,"column":4},"end":{"line":16,"column":null}},"type":"if","locations":[{"start":{"line":14,"column":4},"end":{"line":16,"column":null}},{"start":{},"end":{}}],"line":14},"1":{"loc":{"start":{"line":17,"column":4},"end":{"line":21,"column":null}},"type":"if","locations":[{"start":{"line":17,"column":4},"end":{"line":21,"column":null}},{"start":{},"end":{}}],"line":17},"2":{"loc":{"start":{"line":50,"column":4},"end":{"line":54,"column":null}},"type":"binary-expr","locations":[{"start":{"line":50,"column":4},"end":{"line":50,"column":null}},{"start":{"line":51,"column":4},"end":{"line":51,"column":null}},{"start":{"line":52,"column":5},"end":{"line":52,"column":24}},{"start":{"line":52,"column":24},"end":{"line":54,"column":null}}],"line":50},"3":{"loc":{"start":{"line":62,"column":2},"end":{"line":62,"column":null}},"type":"if","locations":[{"start":{"line":62,"column":2},"end":{"line":62,"column":null}},{"start":{},"end":{}}],"line":62},"4":{"loc":{"start":{"line":65,"column":9},"end":{"line":65,"column":null}},"type":"cond-expr","locations":[{"start":{"line":65,"column":17},"end":{"line":65,"column":28}},{"start":{"line":65,"column":28},"end":{"line":65,"column":null}}],"line":65},"5":{"loc":{"start":{"line":91,"column":4},"end":{"line":95,"column":null}},"type":"if","locations":[{"start":{"line":91,"column":4},"end":{"line":95,"column":null}},{"start":{},"end":{}}],"line":91},"6":{"loc":{"start":{"line":105,"column":9},"end":{"line":105,"column":null}},"type":"binary-expr","locations":[{"start":{"line":105,"column":9},"end":{"line":105,"column":30}},{"start":{"line":105,"column":30},"end":{"line":105,"column":null}}],"line":105},"7":{"loc":{"start":{"line":115,"column":10},"end":{"line":115,"column":null}},"type":"cond-expr","locations":[{"start":{"line":115,"column":26},"end":{"line":115,"column":63}},{"start":{"line":115,"column":63},"end":{"line":115,"column":null}}],"line":115},"8":{"loc":{"start":{"line":116,"column":15},"end":{"line":116,"column":null}},"type":"binary-expr","locations":[{"start":{"line":116,"column":15},"end":{"line":116,"column":37}},{"start":{"line":116,"column":37},"end":{"line":116,"column":null}}],"line":116},"9":{"loc":{"start":{"line":117,"column":17},"end":{"line":117,"column":null}},"type":"cond-expr","locations":[{"start":{"line":117,"column":40},"end":{"line":117,"column":91}},{"start":{"line":117,"column":91},"end":{"line":117,"column":null}}],"line":117}},"s":{"0":14,"1":14,"2":23,"3":12,"4":23,"5":11,"6":22,"7":14,"8":3,"9":4,"10":3,"11":3,"12":8,"13":6,"14":6,"15":6,"16":24,"17":3,"18":0,"19":3,"20":3,"21":3,"22":2,"23":2,"24":2,"25":2,"26":2,"27":3,"28":3,"29":4,"30":4,"31":2,"32":4,"33":3,"34":3,"35":4},"f":{"0":14,"1":23,"2":22,"3":3,"4":4,"5":3,"6":8,"7":6,"8":24,"9":3,"10":3,"11":2,"12":2,"13":2,"14":2,"15":3,"16":4,"17":4,"18":3,"19":4},"b":{"0":[12,11],"1":[11,12],"2":[24,22,20,3],"3":[0,3],"4":[1,2],"5":[2,2],"6":[3,2],"7":[1,3],"8":[4,3],"9":[1,3]},"meta":{"lastBranch":10,"lastFunction":20,"lastStatement":36,"seen":{"f:10:16:10:28":0,"s:11:24:11:Infinity":0,"s:13:2:22:Infinity":1,"f:13:27:13:35":1,"b:14:4:16:Infinity:undefined:undefined:undefined:undefined":0,"s:14:4:16:Infinity":2,"s:15:6:15:Infinity":3,"b:17:4:21:Infinity:undefined:undefined:undefined:undefined":1,"s:17:4:21:Infinity":4,"s:18:6:20:Infinity":5,"f:18:27:18:34":2,"s:19:8:19:Infinity":6,"s:24:2:24:Infinity":7,"f:30:16:30:34":3,"s:31:2:31:Infinity":8,"f:31:31:31:39":4,"s:31:39:31:57":9,"f:37:16:37:29":5,"s:38:19:38:Infinity":10,"s:39:2:39:Infinity":11,"f:39:23:39:31":6,"s:39:31:39:47":12,"f:45:16:45:28":7,"s:46:19:46:Infinity":13,"s:47:25:47:Infinity":14,"s:49:2:55:Infinity":15,"f:49:25:49:Infinity":8,"s:50:4:54:Infinity":16,"b:50:4:50:Infinity:51:4:51:Infinity:52:5:52:24:52:24:54:Infinity":2,"f:61:16:61:32":9,"b:62:2:62:Infinity:undefined:undefined:undefined:undefined":3,"s:62:2:62:Infinity":17,"s:62:27:62:Infinity":18,"s:64:16:64:Infinity":19,"f:64:56:64:57":10,"s:64:69:64:86":20,"s:65:2:65:Infinity":21,"b:65:17:65:28:65:28:65:Infinity":4,"f:71:16:71:31":11,"s:72:19:72:Infinity":22,"s:74:2:80:Infinity":23,"f:77:52:77:60":12,"s:77:60:77:72":24,"f:78:46:78:54":13,"s:78:54:78:76":25,"f:79:44:79:52":14,"s:79:52:79:72":26,"f:86:16:86:36":15,"s:87:26:87:Infinity":27,"s:89:2:96:Infinity":28,"f:89:27:89:35":16,"s:90:4:90:Infinity":29,"b:91:4:95:Infinity:undefined:undefined:undefined:undefined":5,"s:91:4:95:Infinity":30,"s:92:6:94:Infinity":31,"f:92:27:92:34":17,"s:93:8:93:Infinity":32,"s:98:2:98:Infinity":33,"f:104:16:104:30":18,"s:105:2:105:Infinity":34,"b:105:9:105:30:105:30:105:Infinity":6,"f:111:16:111:29":19,"s:112:2:118:Infinity":35,"b:115:26:115:63:115:63:115:Infinity":7,"b:116:15:116:37:116:37:116:Infinity":8,"b:117:40:117:91:117:91:117:Infinity":9}}}
,"E:\\workspace\\astro\\Astro-nav\\astro-nav-monorepo\\packages\\shared\\src\\utils\\formatters.ts": {"path":"E:\\workspace\\astro\\Astro-nav\\astro-nav-monorepo\\packages\\shared\\src\\utils\\formatters.ts","statementMap":{"0":{"start":{"line":9,"column":2},"end":{"line":9,"column":null}},"1":{"start":{"line":9,"column":12},"end":{"line":9,"column":null}},"2":{"start":{"line":12,"column":2},"end":{"line":12,"column":null}},"3":{"start":{"line":15,"column":2},"end":{"line":17,"column":null}},"4":{"start":{"line":16,"column":4},"end":{"line":16,"column":null}},"5":{"start":{"line":19,"column":2},"end":{"line":19,"column":null}},"6":{"start":{"line":26,"column":20},"end":{"line":26,"column":null}},"7":{"start":{"line":27,"column":17},"end":{"line":27,"column":null}},"8":{"start":{"line":28,"column":2},"end":{"line":28,"column":null}},"9":{"start":{"line":35,"column":2},"end":{"line":42,"column":null}},"10":{"start":{"line":49,"column":2},"end":{"line":49,"column":null}},"11":{"start":{"line":49,"column":19},"end":{"line":49,"column":null}},"12":{"start":{"line":51,"column":12},"end":{"line":51,"column":null}},"13":{"start":{"line":52,"column":16},"end":{"line":52,"column":null}},"14":{"start":{"line":53,"column":12},"end":{"line":53,"column":null}},"15":{"start":{"line":55,"column":2},"end":{"line":55,"column":null}},"16":{"start":{"line":62,"column":12},"end":{"line":62,"column":null}},"17":{"start":{"line":63,"column":2},"end":{"line":67,"column":null}},"18":{"start":{"line":74,"column":12},"end":{"line":74,"column":null}},"19":{"start":{"line":75,"column":2},"end":{"line":82,"column":null}},"20":{"start":{"line":89,"column":2},"end":{"line":89,"column":null}},"21":{"start":{"line":89,"column":32},"end":{"line":89,"column":null}},"22":{"start":{"line":90,"column":2},"end":{"line":90,"column":null}},"23":{"start":{"line":97,"column":38},"end":{"line":103,"column":null}},"24":{"start":{"line":104,"column":2},"end":{"line":104,"column":null}},"25":{"start":{"line":104,"column":44},"end":{"line":104,"column":53}},"26":{"start":{"line":111,"column":2},"end":{"line":113,"column":null}},"27":{"start":{"line":120,"column":2},"end":{"line":120,"column":null}},"28":{"start":{"line":120,"column":13},"end":{"line":120,"column":null}},"29":{"start":{"line":121,"column":2},"end":{"line":124,"column":null}},"30":{"start":{"line":123,"column":17},"end":{"line":123,"column":28}},"31":{"start":{"line":124,"column":20},"end":{"line":124,"column":35}},"32":{"start":{"line":131,"column":2},"end":{"line":131,"column":null}},"33":{"start":{"line":131,"column":30},"end":{"line":131,"column":52}}},"fnMap":{"0":{"name":"formatUrl","decl":{"start":{"line":8,"column":16},"end":{"line":8,"column":26}},"loc":{"start":{"line":8,"column":47},"end":{"line":20,"column":null}},"line":8},"1":{"name":"generateId","decl":{"start":{"line":25,"column":16},"end":{"line":25,"column":27}},"loc":{"start":{"line":25,"column":58},"end":{"line":29,"column":null}},"line":25},"2":{"name":"generateSlug","decl":{"start":{"line":34,"column":16},"end":{"line":34,"column":29}},"loc":{"start":{"line":34,"column":51},"end":{"line":43,"column":null}},"line":34},"3":{"name":"formatFileSize","decl":{"start":{"line":48,"column":16},"end":{"line":48,"column":31}},"loc":{"start":{"line":48,"column":54},"end":{"line":56,"column":null}},"line":48},"4":{"name":"formatDate","decl":{"start":{"line":61,"column":16},"end":{"line":61,"column":27}},"loc":{"start":{"line":61,"column":56},"end":{"line":68,"column":null}},"line":61},"5":{"name":"formatDateTime","decl":{"start":{"line":73,"column":16},"end":{"line":73,"column":31}},"loc":{"start":{"line":73,"column":60},"end":{"line":83,"column":null}},"line":73},"6":{"name":"truncateText","decl":{"start":{"line":88,"column":16},"end":{"line":88,"column":29}},"loc":{"start":{"line":88,"column":94},"end":{"line":91,"column":null}},"line":88},"7":{"name":"escapeHtml","decl":{"start":{"line":96,"column":16},"end":{"line":96,"column":27}},"loc":{"start":{"line":96,"column":49},"end":{"line":105,"column":null}},"line":96},"8":{"name":"(anonymous_8)","decl":{"start":{"line":104,"column":34},"end":{"line":104,"column":35}},"loc":{"start":{"line":104,"column":44},"end":{"line":104,"column":53}},"line":104},"9":{"name":"sanitizeInput","decl":{"start":{"line":110,"column":16},"end":{"line":110,"column":30}},"loc":{"start":{"line":110,"column":53},"end":{"line":114,"column":null}},"line":110},"10":{"name":"splitBySemicolon","decl":{"start":{"line":119,"column":16},"end":{"line":119,"column":33}},"loc":{"start":{"line":119,"column":69},"end":{"line":125,"column":null}},"line":119},"11":{"name":"(anonymous_11)","decl":{"start":{"line":123,"column":9},"end":{"line":123,"column":17}},"loc":{"start":{"line":123,"column":17},"end":{"line":123,"column":28}},"line":123},"12":{"name":"(anonymous_12)","decl":{"start":{"line":124,"column":12},"end":{"line":124,"column":20}},"loc":{"start":{"line":124,"column":20},"end":{"line":124,"column":35}},"line":124},"13":{"name":"joinWithSemicolon","decl":{"start":{"line":130,"column":16},"end":{"line":130,"column":34}},"loc":{"start":{"line":130,"column":59},"end":{"line":132,"column":null}},"line":130},"14":{"name":"(anonymous_14)","decl":{"start":{"line":131,"column":22},"end":{"line":131,"column":30}},"loc":{"start":{"line":131,"column":30},"end":{"line":131,"column":52}},"line":131}},"branchMap":{"0":{"loc":{"start":{"line":9,"column":2},"end":{"line":9,"column":null}},"type":"if","locations":[{"start":{"line":9,"column":2},"end":{"line":9,"column":null}},{"start":{},"end":{}}],"line":9},"1":{"loc":{"start":{"line":15,"column":2},"end":{"line":17,"column":null}},"type":"if","locations":[{"start":{"line":15,"column":2},"end":{"line":17,"column":null}},{"start":{},"end":{}}],"line":15},"2":{"loc":{"start":{"line":15,"column":6},"end":{"line":15,"column":89}},"type":"binary-expr","locations":[{"start":{"line":15,"column":6},"end":{"line":15,"column":36}},{"start":{"line":15,"column":36},"end":{"line":15,"column":67}},{"start":{"line":15,"column":67},"end":{"line":15,"column":89}}],"line":15},"3":{"loc":{"start":{"line":25,"column":27},"end":{"line":25,"column":58}},"type":"default-arg","locations":[{"start":{"line":25,"column":44},"end":{"line":25,"column":58}}],"line":25},"4":{"loc":{"start":{"line":49,"column":2},"end":{"line":49,"column":null}},"type":"if","locations":[{"start":{"line":49,"column":2},"end":{"line":49,"column":null}},{"start":{},"end":{}}],"line":49},"5":{"loc":{"start":{"line":62,"column":12},"end":{"line":62,"column":null}},"type":"cond-expr","locations":[{"start":{"line":62,"column":39},"end":{"line":62,"column":56}},{"start":{"line":62,"column":56},"end":{"line":62,"column":null}}],"line":62},"6":{"loc":{"start":{"line":74,"column":12},"end":{"line":74,"column":null}},"type":"cond-expr","locations":[{"start":{"line":74,"column":39},"end":{"line":74,"column":56}},{"start":{"line":74,"column":56},"end":{"line":74,"column":null}}],"line":74},"7":{"loc":{"start":{"line":88,"column":62},"end":{"line":88,"column":94}},"type":"default-arg","locations":[{"start":{"line":88,"column":79},"end":{"line":88,"column":94}}],"line":88},"8":{"loc":{"start":{"line":89,"column":2},"end":{"line":89,"column":null}},"type":"if","locations":[{"start":{"line":89,"column":2},"end":{"line":89,"column":null}},{"start":{},"end":{}}],"line":89},"9":{"loc":{"start":{"line":120,"column":2},"end":{"line":120,"column":null}},"type":"if","locations":[{"start":{"line":120,"column":2},"end":{"line":120,"column":null}},{"start":{},"end":{}}],"line":120}},"s":{"0":7,"1":1,"2":6,"3":6,"4":2,"5":6,"6":4,"7":4,"8":4,"9":7,"10":8,"11":1,"12":7,"13":7,"14":7,"15":7,"16":2,"17":2,"18":2,"19":2,"20":4,"21":2,"22":2,"23":6,"24":6,"25":16,"26":4,"27":6,"28":2,"29":4,"30":9,"31":9,"32":5,"33":10},"f":{"0":7,"1":4,"2":7,"3":8,"4":2,"5":2,"6":4,"7":6,"8":16,"9":4,"10":6,"11":9,"12":9,"13":5,"14":10},"b":{"0":[1,6],"1":[2,4],"2":[6,5,3],"3":[4],"4":[1,7],"5":[1,1],"6":[1,1],"7":[4],"8":[2,2],"9":[2,4]},"meta":{"lastBranch":10,"lastFunction":15,"lastStatement":34,"seen":{"f:8:16:8:26":0,"b:9:2:9:Infinity:undefined:undefined:undefined:undefined":0,"s:9:2:9:Infinity":0,"s:9:12:9:Infinity":1,"s:12:2:12:Infinity":2,"b:15:2:17:Infinity:undefined:undefined:undefined:undefined":1,"s:15:2:17:Infinity":3,"b:15:6:15:36:15:36:15:67:15:67:15:89":2,"s:16:4:16:Infinity":4,"s:19:2:19:Infinity":5,"f:25:16:25:27":1,"b:25:44:25:58":3,"s:26:20:26:Infinity":6,"s:27:17:27:Infinity":7,"s:28:2:28:Infinity":8,"f:34:16:34:29":2,"s:35:2:42:Infinity":9,"f:48:16:48:31":3,"b:49:2:49:Infinity:undefined:undefined:undefined:undefined":4,"s:49:2:49:Infinity":10,"s:49:19:49:Infinity":11,"s:51:12:51:Infinity":12,"s:52:16:52:Infinity":13,"s:53:12:53:Infinity":14,"s:55:2:55:Infinity":15,"f:61:16:61:27":4,"s:62:12:62:Infinity":16,"b:62:39:62:56:62:56:62:Infinity":5,"s:63:2:67:Infinity":17,"f:73:16:73:31":5,"s:74:12:74:Infinity":18,"b:74:39:74:56:74:56:74:Infinity":6,"s:75:2:82:Infinity":19,"f:88:16:88:29":6,"b:88:79:88:94":7,"b:89:2:89:Infinity:undefined:undefined:undefined:undefined":8,"s:89:2:89:Infinity":20,"s:89:32:89:Infinity":21,"s:90:2:90:Infinity":22,"f:96:16:96:27":7,"s:97:38:103:Infinity":23,"s:104:2:104:Infinity":24,"f:104:34:104:35":8,"s:104:44:104:53":25,"f:110:16:110:30":9,"s:111:2:113:Infinity":26,"f:119:16:119:33":10,"b:120:2:120:Infinity:undefined:undefined:undefined:undefined":9,"s:120:2:120:Infinity":27,"s:120:13:120:Infinity":28,"s:121:2:124:Infinity":29,"f:123:9:123:17":11,"s:123:17:123:28":30,"f:124:12:124:20":12,"s:124:20:124:35":31,"f:130:16:130:34":13,"s:131:2:131:Infinity":32,"f:131:22:131:30":14,"s:131:30:131:52":33}}}
,"E:\\workspace\\astro\\Astro-nav\\astro-nav-monorepo\\packages\\shared\\src\\utils\\validation.ts": {"path":"E:\\workspace\\astro\\Astro-nav\\astro-nav-monorepo\\packages\\shared\\src\\utils\\validation.ts","statementMap":{"0":{"start":{"line":11,"column":2},"end":{"line":13,"column":null}},"1":{"start":{"line":12,"column":4},"end":{"line":12,"column":null}},"2":{"start":{"line":15,"column":14},"end":{"line":15,"column":null}},"3":{"start":{"line":18,"column":2},"end":{"line":20,"column":null}},"4":{"start":{"line":19,"column":4},"end":{"line":19,"column":null}},"5":{"start":{"line":22,"column":2},"end":{"line":24,"column":null}},"6":{"start":{"line":23,"column":4},"end":{"line":23,"column":null}},"7":{"start":{"line":26,"column":2},"end":{"line":28,"column":null}},"8":{"start":{"line":27,"column":4},"end":{"line":27,"column":null}},"9":{"start":{"line":31,"column":2},"end":{"line":33,"column":null}},"10":{"start":{"line":32,"column":4},"end":{"line":32,"column":null}},"11":{"start":{"line":36,"column":2},"end":{"line":38,"column":null}},"12":{"start":{"line":37,"column":4},"end":{"line":37,"column":null}},"13":{"start":{"line":40,"column":2},"end":{"line":40,"column":null}},"14":{"start":{"line":47,"column":2},"end":{"line":49,"column":null}},"15":{"start":{"line":48,"column":4},"end":{"line":48,"column":null}},"16":{"start":{"line":51,"column":19},"end":{"line":51,"column":null}},"17":{"start":{"line":52,"column":17},"end":{"line":52,"column":null}},"18":{"start":{"line":54,"column":2},"end":{"line":56,"column":null}},"19":{"start":{"line":55,"column":4},"end":{"line":55,"column":null}},"20":{"start":{"line":58,"column":2},"end":{"line":60,"column":null}},"21":{"start":{"line":59,"column":4},"end":{"line":59,"column":null}},"22":{"start":{"line":62,"column":2},"end":{"line":64,"column":null}},"23":{"start":{"line":63,"column":4},"end":{"line":63,"column":null}},"24":{"start":{"line":66,"column":2},"end":{"line":68,"column":null}},"25":{"start":{"line":67,"column":4},"end":{"line":67,"column":null}},"26":{"start":{"line":70,"column":2},"end":{"line":77,"column":null}},"27":{"start":{"line":71,"column":4},"end":{"line":73,"column":null}},"28":{"start":{"line":72,"column":6},"end":{"line":72,"column":null}},"29":{"start":{"line":74,"column":4},"end":{"line":76,"column":null}},"30":{"start":{"line":75,"column":6},"end":{"line":75,"column":null}},"31":{"start":{"line":79,"column":2},"end":{"line":86,"column":null}},"32":{"start":{"line":80,"column":4},"end":{"line":82,"column":null}},"33":{"start":{"line":81,"column":6},"end":{"line":81,"column":null}},"34":{"start":{"line":83,"column":4},"end":{"line":85,"column":null}},"35":{"start":{"line":84,"column":6},"end":{"line":84,"column":null}},"36":{"start":{"line":88,"column":2},"end":{"line":88,"column":null}},"37":{"start":{"line":95,"column":2},"end":{"line":97,"column":null}},"38":{"start":{"line":96,"column":4},"end":{"line":96,"column":null}},"39":{"start":{"line":99,"column":18},"end":{"line":99,"column":null}},"40":{"start":{"line":101,"column":2},"end":{"line":103,"column":null}},"41":{"start":{"line":102,"column":4},"end":{"line":102,"column":null}},"42":{"start":{"line":105,"column":2},"end":{"line":107,"column":null}},"43":{"start":{"line":106,"column":4},"end":{"line":106,"column":null}},"44":{"start":{"line":109,"column":2},"end":{"line":111,"column":null}},"45":{"start":{"line":110,"column":4},"end":{"line":110,"column":null}},"46":{"start":{"line":113,"column":2},"end":{"line":115,"column":null}},"47":{"start":{"line":114,"column":4},"end":{"line":114,"column":null}},"48":{"start":{"line":117,"column":2},"end":{"line":119,"column":null}},"49":{"start":{"line":118,"column":4},"end":{"line":118,"column":null}},"50":{"start":{"line":121,"column":2},"end":{"line":121,"column":null}},"51":{"start":{"line":128,"column":2},"end":{"line":130,"column":null}},"52":{"start":{"line":129,"column":4},"end":{"line":129,"column":null}},"53":{"start":{"line":132,"column":12},"end":{"line":132,"column":null}},"54":{"start":{"line":134,"column":2},"end":{"line":136,"column":null}},"55":{"start":{"line":135,"column":4},"end":{"line":135,"column":null}},"56":{"start":{"line":138,"column":2},"end":{"line":140,"column":null}},"57":{"start":{"line":139,"column":4},"end":{"line":139,"column":null}},"58":{"start":{"line":143,"column":2},"end":{"line":145,"column":null}},"59":{"start":{"line":144,"column":4},"end":{"line":144,"column":null}},"60":{"start":{"line":147,"column":2},"end":{"line":149,"column":null}},"61":{"start":{"line":148,"column":4},"end":{"line":148,"column":null}},"62":{"start":{"line":151,"column":2},"end":{"line":153,"column":null}},"63":{"start":{"line":152,"column":4},"end":{"line":152,"column":null}},"64":{"start":{"line":155,"column":2},"end":{"line":157,"column":null}},"65":{"start":{"line":156,"column":4},"end":{"line":156,"column":null}},"66":{"start":{"line":159,"column":2},"end":{"line":159,"column":null}},"67":{"start":{"line":166,"column":2},"end":{"line":171,"column":null}},"68":{"start":{"line":167,"column":4},"end":{"line":167,"column":null}},"69":{"start":{"line":168,"column":4},"end":{"line":168,"column":null}},"70":{"start":{"line":170,"column":4},"end":{"line":170,"column":null}},"71":{"start":{"line":178,"column":2},"end":{"line":178,"column":null}},"72":{"start":{"line":178,"column":12},"end":{"line":178,"column":null}},"73":{"start":{"line":181,"column":2},"end":{"line":183,"column":null}},"74":{"start":{"line":182,"column":4},"end":{"line":182,"column":null}},"75":{"start":{"line":186,"column":2},"end":{"line":188,"column":null}},"76":{"start":{"line":187,"column":4},"end":{"line":187,"column":null}},"77":{"start":{"line":190,"column":2},"end":{"line":190,"column":null}}},"fnMap":{"0":{"name":"validateConfig","decl":{"start":{"line":10,"column":16},"end":{"line":10,"column":31}},"loc":{"start":{"line":10,"column":70},"end":{"line":41,"column":null}},"line":10},"1":{"name":"(anonymous_1)","decl":{"start":{"line":36,"column":24},"end":{"line":36,"column":25}},"loc":{"start":{"line":36,"column":54},"end":{"line":38,"column":3}},"line":36},"2":{"name":"validateMenuItem","decl":{"start":{"line":46,"column":16},"end":{"line":46,"column":33}},"loc":{"start":{"line":46,"column":82},"end":{"line":89,"column":null}},"line":46},"3":{"name":"(anonymous_3)","decl":{"start":{"line":74,"column":27},"end":{"line":74,"column":28}},"loc":{"start":{"line":74,"column":61},"end":{"line":76,"column":5}},"line":74},"4":{"name":"(anonymous_4)","decl":{"start":{"line":83,"column":29},"end":{"line":83,"column":30}},"loc":{"start":{"line":83,"column":61},"end":{"line":85,"column":5}},"line":83},"5":{"name":"validateSubMenuItem","decl":{"start":{"line":94,"column":16},"end":{"line":94,"column":36}},"loc":{"start":{"line":94,"column":85},"end":{"line":122,"column":null}},"line":94},"6":{"name":"(anonymous_6)","decl":{"start":{"line":117,"column":24},"end":{"line":117,"column":25}},"loc":{"start":{"line":117,"column":58},"end":{"line":119,"column":3}},"line":117},"7":{"name":"validateSite","decl":{"start":{"line":127,"column":16},"end":{"line":127,"column":29}},"loc":{"start":{"line":127,"column":81},"end":{"line":160,"column":null}},"line":127},"8":{"name":"validateUrl","decl":{"start":{"line":165,"column":16},"end":{"line":165,"column":28}},"loc":{"start":{"line":165,"column":50},"end":{"line":172,"column":null}},"line":165},"9":{"name":"validateSiteUrl","decl":{"start":{"line":177,"column":16},"end":{"line":177,"column":32}},"loc":{"start":{"line":177,"column":54},"end":{"line":191,"column":null}},"line":177}},"branchMap":{"0":{"loc":{"start":{"line":11,"column":2},"end":{"line":13,"column":null}},"type":"if","locations":[{"start":{"line":11,"column":2},"end":{"line":13,"column":null}},{"start":{},"end":{}}],"line":11},"1":{"loc":{"start":{"line":11,"column":6},"end":{"line":11,"column":45}},"type":"binary-expr","locations":[{"start":{"line":11,"column":6},"end":{"line":11,"column":17}},{"start":{"line":11,"column":17},"end":{"line":11,"column":45}}],"line":11},"2":{"loc":{"start":{"line":18,"column":2},"end":{"line":20,"column":null}},"type":"if","locations":[{"start":{"line":18,"column":2},"end":{"line":20,"column":null}},{"start":{},"end":{}}],"line":18},"3":{"loc":{"start":{"line":18,"column":6},"end":{"line":18,"column":49}},"type":"binary-expr","locations":[{"start":{"line":18,"column":6},"end":{"line":18,"column":19}},{"start":{"line":18,"column":19},"end":{"line":18,"column":49}}],"line":18},"4":{"loc":{"start":{"line":22,"column":2},"end":{"line":24,"column":null}},"type":"if","locations":[{"start":{"line":22,"column":2},"end":{"line":24,"column":null}},{"start":{},"end":{}}],"line":22},"5":{"loc":{"start":{"line":22,"column":6},"end":{"line":22,"column":61}},"type":"binary-expr","locations":[{"start":{"line":22,"column":6},"end":{"line":22,"column":25}},{"start":{"line":22,"column":25},"end":{"line":22,"column":61}}],"line":22},"6":{"loc":{"start":{"line":26,"column":2},"end":{"line":28,"column":null}},"type":"if","locations":[{"start":{"line":26,"column":2},"end":{"line":28,"column":null}},{"start":{},"end":{}}],"line":26},"7":{"loc":{"start":{"line":26,"column":6},"end":{"line":26,"column":73}},"type":"binary-expr","locations":[{"start":{"line":26,"column":6},"end":{"line":26,"column":31}},{"start":{"line":26,"column":31},"end":{"line":26,"column":73}}],"line":26},"8":{"loc":{"start":{"line":31,"column":2},"end":{"line":33,"column":null}},"type":"if","locations":[{"start":{"line":31,"column":2},"end":{"line":33,"column":null}},{"start":{},"end":{}}],"line":31},"9":{"loc":{"start":{"line":47,"column":2},"end":{"line":49,"column":null}},"type":"if","locations":[{"start":{"line":47,"column":2},"end":{"line":49,"column":null}},{"start":{},"end":{}}],"line":47},"10":{"loc":{"start":{"line":47,"column":6},"end":{"line":47,"column":41}},"type":"binary-expr","locations":[{"start":{"line":47,"column":6},"end":{"line":47,"column":15}},{"start":{"line":47,"column":15},"end":{"line":47,"column":41}}],"line":47},"11":{"loc":{"start":{"line":48,"column":27},"end":{"line":48,"column":38}},"type":"binary-expr","locations":[{"start":{"line":48,"column":27},"end":{"line":48,"column":36}},{"start":{"line":48,"column":36},"end":{"line":48,"column":38}}],"line":48},"12":{"loc":{"start":{"line":52,"column":17},"end":{"line":52,"column":null}},"type":"cond-expr","locations":[{"start":{"line":52,"column":39},"end":{"line":52,"column":56}},{"start":{"line":52,"column":56},"end":{"line":52,"column":null}}],"line":52},"13":{"loc":{"start":{"line":54,"column":2},"end":{"line":56,"column":null}},"type":"if","locations":[{"start":{"line":54,"column":2},"end":{"line":56,"column":null}},{"start":{},"end":{}}],"line":54},"14":{"loc":{"start":{"line":54,"column":6},"end":{"line":54,"column":59}},"type":"binary-expr","locations":[{"start":{"line":54,"column":6},"end":{"line":54,"column":24}},{"start":{"line":54,"column":24},"end":{"line":54,"column":59}}],"line":54},"15":{"loc":{"start":{"line":58,"column":2},"end":{"line":60,"column":null}},"type":"if","locations":[{"start":{"line":58,"column":2},"end":{"line":60,"column":null}},{"start":{},"end":{}}],"line":58},"16":{"loc":{"start":{"line":58,"column":6},"end":{"line":58,"column":59}},"type":"binary-expr","locations":[{"start":{"line":58,"column":6},"end":{"line":58,"column":24}},{"start":{"line":58,"column":24},"end":{"line":58,"column":59}}],"line":58},"17":{"loc":{"start":{"line":62,"column":2},"end":{"line":64,"column":null}},"type":"if","locations":[{"start":{"line":62,"column":2},"end":{"line":64,"column":null}},{"start":{},"end":{}}],"line":62},"18":{"loc":{"start":{"line":62,"column":6},"end":{"line":62,"column":59}},"type":"binary-expr","locations":[{"start":{"line":62,"column":6},"end":{"line":62,"column":24}},{"start":{"line":62,"column":24},"end":{"line":62,"column":59}}],"line":62},"19":{"loc":{"start":{"line":66,"column":2},"end":{"line":68,"column":null}},"type":"if","locations":[{"start":{"line":66,"column":2},"end":{"line":68,"column":null}},{"start":{},"end":{}}],"line":66},"20":{"loc":{"start":{"line":66,"column":6},"end":{"line":66,"column":69}},"type":"binary-expr","locations":[{"start":{"line":66,"column":6},"end":{"line":66,"column":24}},{"start":{"line":66,"column":24},"end":{"line":66,"column":69}}],"line":66},"21":{"loc":{"start":{"line":70,"column":2},"end":{"line":77,"column":null}},"type":"if","locations":[{"start":{"line":70,"column":2},"end":{"line":77,"column":null}},{"start":{},"end":{}}],"line":70},"22":{"loc":{"start":{"line":71,"column":4},"end":{"line":73,"column":null}},"type":"if","locations":[{"start":{"line":71,"column":4},"end":{"line":73,"column":null}},{"start":{},"end":{}}],"line":71},"23":{"loc":{"start":{"line":79,"column":2},"end":{"line":86,"column":null}},"type":"if","locations":[{"start":{"line":79,"column":2},"end":{"line":86,"column":null}},{"start":{},"end":{}}],"line":79},"24":{"loc":{"start":{"line":80,"column":4},"end":{"line":82,"column":null}},"type":"if","locations":[{"start":{"line":80,"column":4},"end":{"line":82,"column":null}},{"start":{},"end":{}}],"line":80},"25":{"loc":{"start":{"line":94,"column":51},"end":{"line":94,"column":85}},"type":"default-arg","locations":[{"start":{"line":94,"column":68},"end":{"line":94,"column":85}}],"line":94},"26":{"loc":{"start":{"line":95,"column":2},"end":{"line":97,"column":null}},"type":"if","locations":[{"start":{"line":95,"column":2},"end":{"line":97,"column":null}},{"start":{},"end":{}}],"line":95},"27":{"loc":{"start":{"line":95,"column":6},"end":{"line":95,"column":41}},"type":"binary-expr","locations":[{"start":{"line":95,"column":6},"end":{"line":95,"column":15}},{"start":{"line":95,"column":15},"end":{"line":95,"column":41}}],"line":95},"28":{"loc":{"start":{"line":101,"column":2},"end":{"line":103,"column":null}},"type":"if","locations":[{"start":{"line":101,"column":2},"end":{"line":103,"column":null}},{"start":{},"end":{}}],"line":101},"29":{"loc":{"start":{"line":101,"column":6},"end":{"line":101,"column":57}},"type":"binary-expr","locations":[{"start":{"line":101,"column":6},"end":{"line":101,"column":23}},{"start":{"line":101,"column":23},"end":{"line":101,"column":57}}],"line":101},"30":{"loc":{"start":{"line":105,"column":2},"end":{"line":107,"column":null}},"type":"if","locations":[{"start":{"line":105,"column":2},"end":{"line":107,"column":null}},{"start":{},"end":{}}],"line":105},"31":{"loc":{"start":{"line":105,"column":6},"end":{"line":105,"column":57}},"type":"binary-expr","locations":[{"start":{"line":105,"column":6},"end":{"line":105,"column":23}},{"start":{"line":105,"column":23},"end":{"line":105,"column":57}}],"line":105},"32":{"loc":{"start":{"line":109,"column":2},"end":{"line":111,"column":null}},"type":"if","locations":[{"start":{"line":109,"column":2},"end":{"line":111,"column":null}},{"start":{},"end":{}}],"line":109},"33":{"loc":{"start":{"line":109,"column":6},"end":{"line":109,"column":57}},"type":"binary-expr","locations":[{"start":{"line":109,"column":6},"end":{"line":109,"column":23}},{"start":{"line":109,"column":23},"end":{"line":109,"column":57}}],"line":109},"34":{"loc":{"start":{"line":113,"column":2},"end":{"line":115,"column":null}},"type":"if","locations":[{"start":{"line":113,"column":2},"end":{"line":115,"column":null}},{"start":{},"end":{}}],"line":113},"35":{"loc":{"start":{"line":127,"column":44},"end":{"line":127,"column":81}},"type":"default-arg","locations":[{"start":{"line":127,"column":61},"end":{"line":127,"column":81}}],"line":127},"36":{"loc":{"start":{"line":128,"column":2},"end":{"line":130,"column":null}},"type":"if","locations":[{"start":{"line":128,"column":2},"end":{"line":130,"column":null}},{"start":{},"end":{}}],"line":128},"37":{"loc":{"start":{"line":128,"column":6},"end":{"line":128,"column":41}},"type":"binary-expr","locations":[{"start":{"line":128,"column":6},"end":{"line":128,"column":15}},{"start":{"line":128,"column":15},"end":{"line":128,"column":41}}],"line":128},"38":{"loc":{"start":{"line":134,"column":2},"end":{"line":136,"column":null}},"type":"if","locations":[{"start":{"line":134,"column":2},"end":{"line":136,"column":null}},{"start":{},"end":{}}],"line":134},"39":{"loc":{"start":{"line":134,"column":6},"end":{"line":134,"column":47}},"type":"binary-expr","locations":[{"start":{"line":134,"column":6},"end":{"line":134,"column":18}},{"start":{"line":134,"column":18},"end":{"line":134,"column":47}}],"line":134},"40":{"loc":{"start":{"line":138,"column":2},"end":{"line":140,"column":null}},"type":"if","locations":[{"start":{"line":138,"column":2},"end":{"line":140,"column":null}},{"start":{},"end":{}}],"line":138},"41":{"loc":{"start":{"line":138,"column":6},"end":{"line":138,"column":59}},"type":"binary-expr","locations":[{"start":{"line":138,"column":6},"end":{"line":138,"column":24}},{"start":{"line":138,"column":24},"end":{"line":138,"column":59}}],"line":138},"42":{"loc":{"start":{"line":143,"column":2},"end":{"line":145,"column":null}},"type":"if","locations":[{"start":{"line":143,"column":2},"end":{"line":145,"column":null}},{"start":{},"end":{}}],"line":143},"43":{"loc":{"start":{"line":143,"column":6},"end":{"line":143,"column":56}},"type":"binary-expr","locations":[{"start":{"line":143,"column":6},"end":{"line":143,"column":29}},{"start":{"line":143,"column":29},"end":{"line":143,"column":56}}],"line":143},"44":{"loc":{"start":{"line":147,"column":2},"end":{"line":149,"column":null}},"type":"if","locations":[{"start":{"line":147,"column":2},"end":{"line":149,"column":null}},{"start":{},"end":{}}],"line":147},"45":{"loc":{"start":{"line":147,"column":6},"end":{"line":147,"column":58}},"type":"binary-expr","locations":[{"start":{"line":147,"column":6},"end":{"line":147,"column":30}},{"start":{"line":147,"column":30},"end":{"line":147,"column":58}}],"line":147},"46":{"loc":{"start":{"line":151,"column":2},"end":{"line":153,"column":null}},"type":"if","locations":[{"start":{"line":151,"column":2},"end":{"line":153,"column":null}},{"start":{},"end":{}}],"line":151},"47":{"loc":{"start":{"line":151,"column":6},"end":{"line":151,"column":66}},"type":"binary-expr","locations":[{"start":{"line":151,"column":6},"end":{"line":151,"column":36}},{"start":{"line":151,"column":36},"end":{"line":151,"column":66}}],"line":151},"48":{"loc":{"start":{"line":155,"column":2},"end":{"line":157,"column":null}},"type":"if","locations":[{"start":{"line":155,"column":2},"end":{"line":157,"column":null}},{"start":{},"end":{}}],"line":155},"49":{"loc":{"start":{"line":155,"column":6},"end":{"line":155,"column":62}},"type":"binary-expr","locations":[{"start":{"line":155,"column":6},"end":{"line":155,"column":34}},{"start":{"line":155,"column":34},"end":{"line":155,"column":62}}],"line":155},"50":{"loc":{"start":{"line":178,"column":2},"end":{"line":178,"column":null}},"type":"if","locations":[{"start":{"line":178,"column":2},"end":{"line":178,"column":null}},{"start":{},"end":{}}],"line":178},"51":{"loc":{"start":{"line":181,"column":2},"end":{"line":183,"column":null}},"type":"if","locations":[{"start":{"line":181,"column":2},"end":{"line":183,"column":null}},{"start":{},"end":{}}],"line":181},"52":{"loc":{"start":{"line":181,"column":6},"end":{"line":181,"column":63}},"type":"binary-expr","locations":[{"start":{"line":181,"column":6},"end":{"line":181,"column":35}},{"start":{"line":181,"column":35},"end":{"line":181,"column":63}}],"line":181},"53":{"loc":{"start":{"line":186,"column":2},"end":{"line":188,"column":null}},"type":"if","locations":[{"start":{"line":186,"column":2},"end":{"line":188,"column":null}},{"start":{},"end":{}}],"line":186},"54":{"loc":{"start":{"line":186,"column":6},"end":{"line":186,"column":50}},"type":"binary-expr","locations":[{"start":{"line":186,"column":6},"end":{"line":186,"column":29}},{"start":{"line":186,"column":29},"end":{"line":186,"column":50}}],"line":186}},"s":{"0":10,"1":3,"2":7,"3":7,"4":1,"5":6,"6":1,"7":5,"8":1,"9":4,"10":1,"11":3,"12":1,"13":3,"14":12,"15":2,"16":10,"17":10,"18":12,"19":1,"20":9,"21":1,"22":8,"23":1,"24":7,"25":1,"26":6,"27":4,"28":1,"29":3,"30":3,"31":5,"32":2,"33":1,"34":1,"35":1,"36":4,"37":6,"38":1,"39":5,"40":5,"41":0,"42":5,"43":0,"44":5,"45":1,"46":4,"47":1,"48":3,"49":3,"50":3,"51":15,"52":2,"53":13,"54":13,"55":1,"56":12,"57":1,"58":11,"59":1,"60":10,"61":0,"62":10,"63":1,"64":9,"65":0,"66":9,"67":10,"68":10,"69":10,"70":4,"71":8,"72":1,"73":7,"74":2,"75":5,"76":3,"77":2},"f":{"0":10,"1":1,"2":12,"3":3,"4":1,"5":6,"6":3,"7":15,"8":10,"9":8},"b":{"0":[3,7],"1":[10,8],"2":[1,6],"3":[7,6],"4":[1,5],"5":[6,5],"6":[1,4],"7":[5,4],"8":[1,3],"9":[2,10],"10":[12,11],"11":[2,1],"12":[1,9],"13":[1,11],"14":[12,9],"15":[1,8],"16":[9,8],"17":[1,7],"18":[8,7],"19":[1,6],"20":[7,7],"21":[4,2],"22":[1,3],"23":[2,3],"24":[1,1],"25":[6],"26":[1,5],"27":[6,5],"28":[0,5],"29":[5,5],"30":[0,5],"31":[5,5],"32":[1,4],"33":[5,4],"34":[1,3],"35":[15],"36":[2,13],"37":[15,14],"38":[1,12],"39":[13,12],"40":[1,11],"41":[12,11],"42":[1,10],"43":[11,2],"44":[0,10],"45":[10,1],"46":[1,9],"47":[10,2],"48":[0,9],"49":[9,1],"50":[1,7],"51":[2,5],"52":[7,6],"53":[3,2],"54":[5,3]},"meta":{"lastBranch":55,"lastFunction":10,"lastStatement":78,"seen":{"f:10:16:10:31":0,"b:11:2:13:Infinity:undefined:undefined:undefined:undefined":0,"s:11:2:13:Infinity":0,"b:11:6:11:17:11:17:11:45":1,"s:12:4:12:Infinity":1,"s:15:14:15:Infinity":2,"b:18:2:20:Infinity:undefined:undefined:undefined:undefined":2,"s:18:2:20:Infinity":3,"b:18:6:18:19:18:19:18:49":3,"s:19:4:19:Infinity":4,"b:22:2:24:Infinity:undefined:undefined:undefined:undefined":4,"s:22:2:24:Infinity":5,"b:22:6:22:25:22:25:22:61":5,"s:23:4:23:Infinity":6,"b:26:2:28:Infinity:undefined:undefined:undefined:undefined":6,"s:26:2:28:Infinity":7,"b:26:6:26:31:26:31:26:73":7,"s:27:4:27:Infinity":8,"b:31:2:33:Infinity:undefined:undefined:undefined:undefined":8,"s:31:2:33:Infinity":9,"s:32:4:32:Infinity":10,"s:36:2:38:Infinity":11,"f:36:24:36:25":1,"s:37:4:37:Infinity":12,"s:40:2:40:Infinity":13,"f:46:16:46:33":2,"b:47:2:49:Infinity:undefined:undefined:undefined:undefined":9,"s:47:2:49:Infinity":14,"b:47:6:47:15:47:15:47:41":10,"s:48:4:48:Infinity":15,"b:48:27:48:36:48:36:48:38":11,"s:51:19:51:Infinity":16,"s:52:17:52:Infinity":17,"b:52:39:52:56:52:56:52:Infinity":12,"b:54:2:56:Infinity:undefined:undefined:undefined:undefined":13,"s:54:2:56:Infinity":18,"b:54:6:54:24:54:24:54:59":14,"s:55:4:55:Infinity":19,"b:58:2:60:Infinity:undefined:undefined:undefined:undefined":15,"s:58:2:60:Infinity":20,"b:58:6:58:24:58:24:58:59":16,"s:59:4:59:Infinity":21,"b:62:2:64:Infinity:undefined:undefined:undefined:undefined":17,"s:62:2:64:Infinity":22,"b:62:6:62:24:62:24:62:59":18,"s:63:4:63:Infinity":23,"b:66:2:68:Infinity:undefined:undefined:undefined:undefined":19,"s:66:2:68:Infinity":24,"b:66:6:66:24:66:24:66:69":20,"s:67:4:67:Infinity":25,"b:70:2:77:Infinity:undefined:undefined:undefined:undefined":21,"s:70:2:77:Infinity":26,"b:71:4:73:Infinity:undefined:undefined:undefined:undefined":22,"s:71:4:73:Infinity":27,"s:72:6:72:Infinity":28,"s:74:4:76:Infinity":29,"f:74:27:74:28":3,"s:75:6:75:Infinity":30,"b:79:2:86:Infinity:undefined:undefined:undefined:undefined":23,"s:79:2:86:Infinity":31,"b:80:4:82:Infinity:undefined:undefined:undefined:undefined":24,"s:80:4:82:Infinity":32,"s:81:6:81:Infinity":33,"s:83:4:85:Infinity":34,"f:83:29:83:30":4,"s:84:6:84:Infinity":35,"s:88:2:88:Infinity":36,"f:94:16:94:36":5,"b:94:68:94:85":25,"b:95:2:97:Infinity:undefined:undefined:undefined:undefined":26,"s:95:2:97:Infinity":37,"b:95:6:95:15:95:15:95:41":27,"s:96:4:96:Infinity":38,"s:99:18:99:Infinity":39,"b:101:2:103:Infinity:undefined:undefined:undefined:undefined":28,"s:101:2:103:Infinity":40,"b:101:6:101:23:101:23:101:57":29,"s:102:4:102:Infinity":41,"b:105:2:107:Infinity:undefined:undefined:undefined:undefined":30,"s:105:2:107:Infinity":42,"b:105:6:105:23:105:23:105:57":31,"s:106:4:106:Infinity":43,"b:109:2:111:Infinity:undefined:undefined:undefined:undefined":32,"s:109:2:111:Infinity":44,"b:109:6:109:23:109:23:109:57":33,"s:110:4:110:Infinity":45,"b:113:2:115:Infinity:undefined:undefined:undefined:undefined":34,"s:113:2:115:Infinity":46,"s:114:4:114:Infinity":47,"s:117:2:119:Infinity":48,"f:117:24:117:25":6,"s:118:4:118:Infinity":49,"s:121:2:121:Infinity":50,"f:127:16:127:29":7,"b:127:61:127:81":35,"b:128:2:130:Infinity:undefined:undefined:undefined:undefined":36,"s:128:2:130:Infinity":51,"b:128:6:128:15:128:15:128:41":37,"s:129:4:129:Infinity":52,"s:132:12:132:Infinity":53,"b:134:2:136:Infinity:undefined:undefined:undefined:undefined":38,"s:134:2:136:Infinity":54,"b:134:6:134:18:134:18:134:47":39,"s:135:4:135:Infinity":55,"b:138:2:140:Infinity:undefined:undefined:undefined:undefined":40,"s:138:2:140:Infinity":56,"b:138:6:138:24:138:24:138:59":41,"s:139:4:139:Infinity":57,"b:143:2:145:Infinity:undefined:undefined:undefined:undefined":42,"s:143:2:145:Infinity":58,"b:143:6:143:29:143:29:143:56":43,"s:144:4:144:Infinity":59,"b:147:2:149:Infinity:undefined:undefined:undefined:undefined":44,"s:147:2:149:Infinity":60,"b:147:6:147:30:147:30:147:58":45,"s:148:4:148:Infinity":61,"b:151:2:153:Infinity:undefined:undefined:undefined:undefined":46,"s:151:2:153:Infinity":62,"b:151:6:151:36:151:36:151:66":47,"s:152:4:152:Infinity":63,"b:155:2:157:Infinity:undefined:undefined:undefined:undefined":48,"s:155:2:157:Infinity":64,"b:155:6:155:34:155:34:155:62":49,"s:156:4:156:Infinity":65,"s:159:2:159:Infinity":66,"f:165:16:165:28":8,"s:166:2:171:Infinity":67,"s:167:4:167:Infinity":68,"s:168:4:168:Infinity":69,"s:170:4:170:Infinity":70,"f:177:16:177:32":9,"b:178:2:178:Infinity:undefined:undefined:undefined:undefined":50,"s:178:2:178:Infinity":71,"s:178:12:178:Infinity":72,"b:181:2:183:Infinity:undefined:undefined:undefined:undefined":51,"s:181:2:183:Infinity":73,"b:181:6:181:35:181:35:181:63":52,"s:182:4:182:Infinity":74,"b:186:2:188:Infinity:undefined:undefined:undefined:undefined":53,"s:186:2:188:Infinity":75,"b:186:6:186:29:186:29:186:50":54,"s:187:4:187:Infinity":76,"s:190:2:190:Infinity":77}}}
}
